# 12.5. Реляционные базы данных и администрирование баз данных — Никулин Александр
# Домашнее задание к занятию «Индексы»

---

### Задание 1

Напишите запрос к учебной базе данных, который вернёт процентное отношение общего размера всех индексов к общему размеру всех таблиц.

### Решение
<details>
  <summary>Решение</summary>

  ```sql
  SELECT
      SUM(INDEX_LENGTH) AS index_size,
      SUM(DATA_LENGTH + INDEX_LENGTH) AS table_size,
      (SUM(INDEX_LENGTH) / (SUM(DATA_LENGTH + INDEX_LENGTH))) * 100 AS index_to_table_ratio
  FROM information_schema.TABLES
  WHERE TABLE_SCHEMA = 'sakila';
  ```
  ![image](https://github.com/ADNikulin/netology/assets/44374132/ea97151a-3dad-49c5-841f-2c84315b7685)

</details>
---

### Задание 2

Выполните explain analyze следующего запроса:
```sql
select distinct concat(c.last_name, ' ', c.first_name), sum(p.amount) over (partition by c.customer_id, f.title)
from payment p, rental r, customer c, inventory i, film f
where date(p.payment_date) = '2005-07-30' and p.payment_date = r.rental_date and r.customer_id = c.customer_id and i.inventory_id = r.inventory_id
```
- перечислите узкие места;
- оптимизируйте запрос: внесите корректировки по использованию операторов, при необходимости добавьте индексы.

### Решение

<details>
  <summary>Раскрыть</summary>

  выполнили explain запроса и получил следующую информацию: 
  ```sql
  explain analyze  select distinct
      concat(c.last_name, ' ', c.first_name),
      sum(p.amount) over (partition by c.customer_id, f.title)
  from
          payment p,
          rental r,
          customer c,
          inventory i,
          film f
  where
      date(p.payment_date) = '2005-07-30' and
      p.payment_date = r.rental_date and
      r.customer_id = c.customer_id and
      i.inventory_id = r.inventory_id
  ```
  результат:
  ```
      -> Table scan on <temporary>  (cost=2.5..2.5 rows=0) (actual time=7088..7088 rows=391 loops=1)
        -> Temporary table with deduplication  (cost=0..0 rows=0) (actual time=7088..7088 rows=391 loops=1)
            -> Window aggregate with buffering: sum(payment.amount) OVER (PARTITION BY c.customer_id,f.title )   (actual time=2739..6810 rows=642000 loops=1)
                -> Sort: c.customer_id, f.title  (actual time=2739..2827 rows=642000 loops=1)
                    -> Stream results  (cost=10.5e+6 rows=16.1e+6) (actual time=0.483..2074 rows=642000 loops=1)
                        -> Nested loop inner join  (cost=10.5e+6 rows=16.1e+6) (actual time=0.477..1791 rows=642000 loops=1)
                            -> Nested loop inner join  (cost=8.85e+6 rows=16.1e+6) (actual time=0.471..1575 rows=642000 loops=1)
                                -> Nested loop inner join  (cost=7.24e+6 rows=16.1e+6) (actual time=0.463..1339 rows=642000 loops=1)
                                    -> Inner hash join (no condition)  (cost=1.61e+6 rows=16.1e+6) (actual time=0.448..49.9 rows=634000 loops=1)
                                        -> Filter: (cast(p.payment_date as date) = '2005-07-30')  (cost=1.68 rows=16086) (actual time=0.039..7.56 rows=634 loops=1)
                                            -> Table scan on p  (cost=1.68 rows=16086) (actual time=0.0262..5.51 rows=16044 loops=1)
                                        -> Hash
                                            -> Covering index scan on f using idx_title  (cost=103 rows=1000) (actual time=0.0632..0.297 rows=1000 loops=1)
                                    -> Covering index lookup on r using rental_date (rental_date=p.payment_date)  (cost=0.25 rows=1) (actual time=0.00131..0.00187 rows=1.01 loops=634000)
                                -> Single-row index lookup on c using PRIMARY (customer_id=r.customer_id)  (cost=250e-6 rows=1) (actual time=183e-6..209e-6 rows=1 loops=642000)
                            -> Single-row covering index lookup on i using PRIMARY (inventory_id=r.inventory_id)  (cost=250e-6 rows=1) (actual time=157e-6..184e-6 rows=1 loops=642000)

  ```
  - Время обработки > 5 секунд
  - Если прикинуть по explain и cost, то получаем Nested loop inner join, Inner hash join (no condition) как самые дорогие операции
  - Лишние таблицы
  - Второй момент это distinct и группировка на уровне суммы
  - Поиск по дате, который приводит к скану таблицы

  Предложения:
  - переписать запрос на более простой и лаконичный
  - добавить индекс на дату
  - уйти от distinct

  Итоги: 
  - Создание простого индекса:
    ```sql
    CREATE INDEX idx_payment_payment_date ON payment (payment_date);
    ```
  - Запрос:
    ```sql
    select
        concat(c.last_name, ' ', c.first_name),
        sum(p.amount)
    from
        payment as p
        inner join customer as c on p.customer_id = c.customer_id
    where
        p.payment_date between '2005-07-30' and '2005-07-31'
    group by c.customer_id
    ```
    - explain analyze:
    ```
    -> Table scan on <temporary>  (actual time=2.65..2.7 rows=391 loops=1)
    -> Aggregate using temporary table  (actual time=2.64..2.64 rows=391 loops=1)
        -> Nested loop inner join  (cost=507 rows=634) (actual time=0.0346..2.13 rows=634 loops=1)
            -> Index range scan on p using idx_payment_payment_date over ('2005-07-30 00:00:00' <= payment_date <= '2005-07-31 00:00:00'), with index condition: (p.payment_date between '2005-07-30' and '2005-07-31')  (cost=286 rows=634) (actual time=0.0259..1.25 rows=634 loops=1)
            -> Single-row index lookup on c using PRIMARY (customer_id=p.customer_id)  (cost=0.25 rows=1) (actual time=0.00119..0.00122 rows=1 loops=634)

    ```
    - время запроса: ~200-300 мс
    
</details>

## Дополнительные задания (со звёздочкой*)
Эти задания дополнительные, то есть не обязательные к выполнению, и никак не повлияют на получение вами зачёта по этому домашнему заданию. Вы можете их выполнить, если хотите глубже шире разобраться в материале.

### Задание 3*

Самостоятельно изучите, какие типы индексов используются в PostgreSQL. Перечислите те индексы, которые используются в PostgreSQL, а в MySQL — нет.

*Приведите ответ в свободной форме.*

### Решение 

<details>
  <summary>Раскрыть</summary>

  - Индекс по частичному соответствию (Partial Index): в PostgreSQL вы можете создать индекс только для строк, которые удовлетворяют определенному условию. Это позволяет сократить размер индекса и улучшить производительность запросов, которые используют этот индекс.
  - Индекс сортировки NULL (NULLS FIRST / NULLS LAST Index): в PostgreSQL вы можете указать, как будут сортироваться NULL значения в индексе. Это полезно, когда вам нужно отсортировать данные в определенном порядке, например, сначала NULL значения, а затем не-NULL значения.
  - Индекс функции (Functional Index): в PostgreSQL вы можете создать индекс на основе выражения или функции, а не только на столбце. Это позволяет вам создавать индексы для вычисляемых значений или применять функции к столбцам во время поиска.
  - Индекс на массив (Array Index): в PostgreSQL вы можете создать индекс на столбец с типом данных массива. Это позволяет эффективно искать значения в массиве и улучшить производительность запросов, связанных с массивами.
  
</details>
